<?xml version="1.0" encoding="UTF-8"?>
<testsuite xmlns:xsi="http://www.w3.org/2001/XMLSchema-instance" xsi:noNamespaceSchemaLocation="https://maven.apache.org/surefire/maven-surefire-plugin/xsd/surefire-test-report.xsd" name="fr.hb.ewan.plages.controller.ClientControllerTest" time="20.666" tests="2" errors="0" skipped="0" failures="1">
  <properties>
[...]
</properties>
  <testcase name="testerConnexionInterditePourClient" classname="fr.hb.ewan.plages.controller.ClientControllerTest" time="0.404"/>
  <testcase name="testerPostAvatar" classname="fr.hb.ewan.plages.controller.ClientControllerTest" time="0.127">
    <failure message="Redirected URL expected:&lt;clients&gt; but was:&lt;clients?message=avatar+correctement+ajoute&gt;" type="java.lang.AssertionError"><![CDATA[java.lang.AssertionError: Redirected URL expected:<clients> but was:<clients?message=avatar+correctement+ajoute>
	at fr.hb.ewan.plages.controller.ClientControllerTest.testerPostAvatar(ClientControllerTest.java:43)
]]></failure>
    <system-out><![CDATA[Wed Sep 06 11:36:16 CEST 2023 passage dans CheckPointFilter
Hibernate: select utilisateu0_.id as id2_7_, utilisateu0_.email as email3_7_, utilisateu0_.mot_de_passe as mot_de_p4_7_, utilisateu0_.nom as nom5_7_, utilisateu0_.prenom as prenom6_7_, utilisateu0_.date_heure_inscription as date_heu7_7_, utilisateu0_.lien_de_parente_id as lien_de_9_7_, utilisateu0_.pays_code as pays_co10_7_, utilisateu0_.numero_de_telephone as numero_d8_7_, utilisateu0_.type_utilisateur as type_uti1_7_ from utilisateur utilisateu0_ where utilisateu0_.email=?

MockHttpServletRequest:
      HTTP Method = POST
      Request URI = /televersementAvatar
       Parameters = {ID_UTILISATEUR=[1]}
          Headers = [Content-Type:"multipart/form-data;charset=UTF-8"]
             Body = null
    Session Attrs = {SPRING_SECURITY_CONTEXT=SecurityContextImpl [Authentication=UsernamePasswordAuthenticationToken [Principal=org.springframework.security.core.userdetails.User [Username=user, Password=[PROTECTED], Enabled=true, AccountNonExpired=true, credentialsNonExpired=true, AccountNonLocked=true, Granted Authorities=[ROLE_ADMIN]], Credentials=[PROTECTED], Authenticated=true, Details=null, Granted Authorities=[ROLE_ADMIN]]]}

Handler:
             Type = fr.hb.ewan.plages.controller.UtilisateurController
           Method = fr.hb.ewan.plages.controller.UtilisateurController#postAvatarUtilisateur(MultipartFile, Long)

Async:
    Async started = false
     Async result = null

Resolved Exception:
             Type = null

ModelAndView:
        View name = redirect:clients
             View = null
        Attribute = message
            value = avatar correctement ajoute

FlashMap:
       Attributes = null

MockHttpServletResponse:
           Status = 302
    Error message = null
          Headers = [Content-Language:"en", X-Content-Type-Options:"nosniff", X-XSS-Protection:"1; mode=block", Cache-Control:"no-cache, no-store, max-age=0, must-revalidate", Pragma:"no-cache", Expires:"0", Location:"clients?message=avatar+correctement+ajoute"]
     Content type = null
             Body = 
    Forwarded URL = null
   Redirected URL = clients?message=avatar+correctement+ajoute
          Cookies = []
]]></system-out>
  </testcase>
</testsuite>